<?xml version="1.0" encoding="UTF-8"?>
<testsuite name="Multiproject.LibraryTest" tests="1" skipped="0" failures="0" errors="0" timestamp="2020-09-30T19:40:54" hostname="MacBook-Air-de-Nantzin.local" time="0.023">
  <properties/>
  <testcase name="testSomeLibraryMethod" classname="Multiproject.LibraryTest" time="0.023"/>
  <system-out><![CDATA[]]></system-out>
  <system-err><![CDATA[]]></system-err>
</testsuite>
